<?xml version="1.0" encoding="UTF-8"?>
<!-- Generated by org.testng.reporters.JUnitXMLReporter -->
<testsuite hostname="RSI1562" ignored="1" name="Default test" tests="1" failures="0" timestamp="10 Feb 2020 13:39:28 GMT" time="8.711" errors="0">
  <testcase name="deveInformarSemResultados" time="3.61" classname="br.com.rsinet.hub_tdd_mobile.tests.BuscaLupaTest"/>
  <testcase name="deveBuscarProdutoPelaLupa" time="0.0" classname="br.com.rsinet.hub_tdd_mobile.tests.BuscaLupaTest">
    <ignored/>
  </testcase> <!-- deveBuscarProdutoPelaLupa -->
</testsuite> <!-- Default test -->
