<?xml version="1.0" encoding="UTF-8"?>
<!-- Generated by org.testng.reporters.JUnitXMLReporter -->
<testsuite hostname="RSI1562" ignored="1" name="Default test" tests="1" failures="0" timestamp="07 fev 2020 15:54:54 GMT" time="10.939" errors="0">
  <testcase name="deveEncontrarProduto" time="5.473" classname="br.com.rsinet.hub_tdd_mobile.tests.BuscaHomeTest"/>
  <testcase name="deveInformarProdutoNaoEncontrado" time="0.0" classname="br.com.rsinet.hub_tdd_mobile.tests.BuscaHomeTest">
    <ignored/>
  </testcase> <!-- deveInformarProdutoNaoEncontrado -->
</testsuite> <!-- Default test -->
