<?xml version="1.0" encoding="UTF-8"?>
<!-- Generated by org.testng.reporters.JUnitXMLReporter -->
<testsuite hostname="RSI1562" ignored="4" name="Test" tests="6" failures="0" timestamp="12 Feb 2020 16:09:09 GMT" time="136.11" errors="0">
  <testcase name="deveCadastrarUsuario" time="34.303" classname="br.com.rsinet.hub_tdd_mobile.tests.CadastroTest"/>
  <testcase name="deveValidarMinimoDeCaracteresUsuario" time="7.723" classname="br.com.rsinet.hub_tdd_mobile.tests.CadastroTest"/>
  <testcase name="deveEncontrarProduto" time="5.834" classname="br.com.rsinet.hub_tdd_mobile.tests.BuscaHomeTest"/>
  <testcase name="deveInformarProdutoNaoEncontrado" time="11.861" classname="br.com.rsinet.hub_tdd_mobile.tests.BuscaHomeTest"/>
  <testcase name="deveBuscarProdutoPelaLupa" time="4.645" classname="br.com.rsinet.hub_tdd_mobile.tests.BuscaLupaTest"/>
  <testcase name="deveInformarSemResultados" time="4.216" classname="br.com.rsinet.hub_tdd_mobile.tests.BuscaLupaTest"/>
  <testcase name="@BeforeSuite beforeSuite" time="0.0" classname="br.com.rsinet.hub_tdd_mobile.tests.BaseTest">
    <ignored/>
  </testcase> <!-- @BeforeSuite beforeSuite -->
  <testcase name="@BeforeSuite beforeSuite" time="0.0" classname="br.com.rsinet.hub_tdd_mobile.tests.BaseTest">
    <ignored/>
  </testcase> <!-- @BeforeSuite beforeSuite -->
  <testcase name="@AfterSuite afterSuite" time="0.0" classname="br.com.rsinet.hub_tdd_mobile.tests.BaseTest">
    <ignored/>
  </testcase> <!-- @AfterSuite afterSuite -->
  <testcase name="@AfterSuite afterSuite" time="0.0" classname="br.com.rsinet.hub_tdd_mobile.tests.BaseTest">
    <ignored/>
  </testcase> <!-- @AfterSuite afterSuite -->
</testsuite> <!-- Test -->
