<?xml version="1.0" encoding="UTF-8"?>
<testng-results skipped="0" failed="0" ignored="4" total="10" passed="6">
  <reporter-output>
  </reporter-output>
  <suite name="Testes advantageonlineshopping" duration-ms="136110" started-at="2020-02-12T16:06:53Z" finished-at="2020-02-12T16:09:09Z">
    <groups>
    </groups>
    <test name="Test" duration-ms="136110" started-at="2020-02-12T16:06:53Z" finished-at="2020-02-12T16:09:09Z">
      <class name="br.com.rsinet.hub_tdd_mobile.tests.CadastroTest">
        <test-method status="PASS" signature="beforeSuite()[pri:0, instance:br.com.rsinet.hub_tdd_mobile.tests.CadastroTest@463fd068]" name="beforeSuite" is-config="true" duration-ms="249" started-at="2020-02-12T16:06:52Z" finished-at="2020-02-12T16:06:53Z">
          <reporter-output>
          </reporter-output>
        </test-method> <!-- beforeSuite -->
        <test-method status="PASS" signature="deveCadastrarUsuario()[pri:0, instance:br.com.rsinet.hub_tdd_mobile.tests.CadastroTest@463fd068]" name="deveCadastrarUsuario" duration-ms="34303" started-at="2020-02-12T16:06:53Z" finished-at="2020-02-12T16:07:27Z">
          <reporter-output>
          </reporter-output>
        </test-method> <!-- deveCadastrarUsuario -->
        <test-method status="PASS" signature="setup()[pri:0, instance:br.com.rsinet.hub_tdd_mobile.tests.CadastroTest@463fd068]" name="setup" is-config="true" duration-ms="0" started-at="2020-02-12T16:06:53Z" finished-at="2020-02-12T16:06:53Z">
          <reporter-output>
          </reporter-output>
        </test-method> <!-- setup -->
        <test-method status="PASS" signature="tearDown(org.testng.ITestResult)[pri:0, instance:br.com.rsinet.hub_tdd_mobile.tests.CadastroTest@463fd068]" name="tearDown" is-config="true" duration-ms="4069" started-at="2020-02-12T16:07:27Z" finished-at="2020-02-12T16:07:31Z">
          <params>
            <param index="0">
              <value>
                <![CDATA[[TestResult name=deveCadastrarUsuario status=SUCCESS method=CadastroTest.deveCadastrarUsuario()[pri:0, instance:br.com.rsinet.hub_tdd_mobile.tests.CadastroTest@463fd068] output={null}]]]>
              </value>
            </param>
          </params>
          <reporter-output>
          </reporter-output>
        </test-method> <!-- tearDown -->
        <test-method status="PASS" signature="setup()[pri:0, instance:br.com.rsinet.hub_tdd_mobile.tests.CadastroTest@463fd068]" name="setup" is-config="true" duration-ms="1" started-at="2020-02-12T16:07:31Z" finished-at="2020-02-12T16:07:31Z">
          <reporter-output>
          </reporter-output>
        </test-method> <!-- setup -->
        <test-method status="PASS" signature="deveValidarMinimoDeCaracteresUsuario()[pri:0, instance:br.com.rsinet.hub_tdd_mobile.tests.CadastroTest@463fd068]" name="deveValidarMinimoDeCaracteresUsuario" duration-ms="7723" started-at="2020-02-12T16:07:31Z" finished-at="2020-02-12T16:07:39Z">
          <reporter-output>
          </reporter-output>
        </test-method> <!-- deveValidarMinimoDeCaracteresUsuario -->
        <test-method status="PASS" signature="tearDown(org.testng.ITestResult)[pri:0, instance:br.com.rsinet.hub_tdd_mobile.tests.CadastroTest@463fd068]" name="tearDown" is-config="true" duration-ms="3810" started-at="2020-02-12T16:07:39Z" finished-at="2020-02-12T16:07:43Z">
          <params>
            <param index="0">
              <value>
                <![CDATA[[TestResult name=deveValidarMinimoDeCaracteresUsuario status=SUCCESS method=CadastroTest.deveValidarMinimoDeCaracteresUsuario()[pri:0, instance:br.com.rsinet.hub_tdd_mobile.tests.CadastroTest@463fd068] output={null}]]]>
              </value>
            </param>
          </params>
          <reporter-output>
          </reporter-output>
        </test-method> <!-- tearDown -->
        <test-method status="PASS" signature="finalizaClasse()[pri:0, instance:br.com.rsinet.hub_tdd_mobile.tests.CadastroTest@463fd068]" name="finalizaClasse" is-config="true" duration-ms="1837" started-at="2020-02-12T16:07:43Z" finished-at="2020-02-12T16:07:45Z">
          <reporter-output>
          </reporter-output>
        </test-method> <!-- finalizaClasse -->
        <test-method status="PASS" signature="afterSuite()[pri:0, instance:br.com.rsinet.hub_tdd_mobile.tests.CadastroTest@463fd068]" name="afterSuite" is-config="true" duration-ms="1011" started-at="2020-02-12T16:09:09Z" finished-at="2020-02-12T16:09:10Z">
          <reporter-output>
          </reporter-output>
        </test-method> <!-- afterSuite -->
      </class> <!-- br.com.rsinet.hub_tdd_mobile.tests.CadastroTest -->
      <class name="br.com.rsinet.hub_tdd_mobile.tests.BuscaHomeTest">
        <test-method status="PASS" signature="setup()[pri:0, instance:br.com.rsinet.hub_tdd_mobile.tests.BuscaHomeTest@895e367]" name="setup" is-config="true" duration-ms="18319" started-at="2020-02-12T16:07:45Z" finished-at="2020-02-12T16:08:03Z">
          <reporter-output>
          </reporter-output>
        </test-method> <!-- setup -->
        <test-method status="PASS" signature="deveEncontrarProduto()[pri:0, instance:br.com.rsinet.hub_tdd_mobile.tests.BuscaHomeTest@895e367]" name="deveEncontrarProduto" duration-ms="5834" started-at="2020-02-12T16:08:03Z" finished-at="2020-02-12T16:08:09Z">
          <reporter-output>
          </reporter-output>
        </test-method> <!-- deveEncontrarProduto -->
        <test-method status="PASS" signature="tearDown(org.testng.ITestResult)[pri:0, instance:br.com.rsinet.hub_tdd_mobile.tests.BuscaHomeTest@895e367]" name="tearDown" is-config="true" duration-ms="4172" started-at="2020-02-12T16:08:09Z" finished-at="2020-02-12T16:08:13Z">
          <params>
            <param index="0">
              <value>
                <![CDATA[[TestResult name=deveEncontrarProduto status=SUCCESS method=BuscaHomeTest.deveEncontrarProduto()[pri:0, instance:br.com.rsinet.hub_tdd_mobile.tests.BuscaHomeTest@895e367] output={null}]]]>
              </value>
            </param>
          </params>
          <reporter-output>
          </reporter-output>
        </test-method> <!-- tearDown -->
        <test-method status="PASS" signature="setup()[pri:0, instance:br.com.rsinet.hub_tdd_mobile.tests.BuscaHomeTest@895e367]" name="setup" is-config="true" duration-ms="0" started-at="2020-02-12T16:08:13Z" finished-at="2020-02-12T16:08:13Z">
          <reporter-output>
          </reporter-output>
        </test-method> <!-- setup -->
        <test-method status="PASS" signature="deveInformarProdutoNaoEncontrado()[pri:0, instance:br.com.rsinet.hub_tdd_mobile.tests.BuscaHomeTest@895e367]" name="deveInformarProdutoNaoEncontrado" duration-ms="11861" started-at="2020-02-12T16:08:13Z" finished-at="2020-02-12T16:08:25Z">
          <reporter-output>
          </reporter-output>
        </test-method> <!-- deveInformarProdutoNaoEncontrado -->
        <test-method status="PASS" signature="tearDown(org.testng.ITestResult)[pri:0, instance:br.com.rsinet.hub_tdd_mobile.tests.BuscaHomeTest@895e367]" name="tearDown" is-config="true" duration-ms="4133" started-at="2020-02-12T16:08:25Z" finished-at="2020-02-12T16:08:29Z">
          <params>
            <param index="0">
              <value>
                <![CDATA[[TestResult name=deveInformarProdutoNaoEncontrado status=SUCCESS method=BuscaHomeTest.deveInformarProdutoNaoEncontrado()[pri:0, instance:br.com.rsinet.hub_tdd_mobile.tests.BuscaHomeTest@895e367] output={null}]]]>
              </value>
            </param>
          </params>
          <reporter-output>
          </reporter-output>
        </test-method> <!-- tearDown -->
        <test-method status="PASS" signature="finalizaClasse()[pri:0, instance:br.com.rsinet.hub_tdd_mobile.tests.BuscaHomeTest@895e367]" name="finalizaClasse" is-config="true" duration-ms="1907" started-at="2020-02-12T16:08:29Z" finished-at="2020-02-12T16:08:31Z">
          <reporter-output>
          </reporter-output>
        </test-method> <!-- finalizaClasse -->
      </class> <!-- br.com.rsinet.hub_tdd_mobile.tests.BuscaHomeTest -->
      <class name="br.com.rsinet.hub_tdd_mobile.tests.BuscaLupaTest">
        <test-method status="PASS" signature="setup()[pri:0, instance:br.com.rsinet.hub_tdd_mobile.tests.BuscaLupaTest@1b266842]" name="setup" is-config="true" duration-ms="18998" started-at="2020-02-12T16:08:31Z" finished-at="2020-02-12T16:08:50Z">
          <reporter-output>
          </reporter-output>
        </test-method> <!-- setup -->
        <test-method status="PASS" signature="deveBuscarProdutoPelaLupa()[pri:0, instance:br.com.rsinet.hub_tdd_mobile.tests.BuscaLupaTest@1b266842]" name="deveBuscarProdutoPelaLupa" duration-ms="4645" started-at="2020-02-12T16:08:50Z" finished-at="2020-02-12T16:08:54Z">
          <reporter-output>
          </reporter-output>
        </test-method> <!-- deveBuscarProdutoPelaLupa -->
        <test-method status="PASS" signature="tearDown(org.testng.ITestResult)[pri:0, instance:br.com.rsinet.hub_tdd_mobile.tests.BuscaLupaTest@1b266842]" name="tearDown" is-config="true" duration-ms="4095" started-at="2020-02-12T16:08:54Z" finished-at="2020-02-12T16:08:58Z">
          <params>
            <param index="0">
              <value>
                <![CDATA[[TestResult name=deveBuscarProdutoPelaLupa status=SUCCESS method=BuscaLupaTest.deveBuscarProdutoPelaLupa()[pri:0, instance:br.com.rsinet.hub_tdd_mobile.tests.BuscaLupaTest@1b266842] output={null}]]]>
              </value>
            </param>
          </params>
          <reporter-output>
          </reporter-output>
        </test-method> <!-- tearDown -->
        <test-method status="PASS" signature="deveInformarSemResultados()[pri:0, instance:br.com.rsinet.hub_tdd_mobile.tests.BuscaLupaTest@1b266842]" name="deveInformarSemResultados" duration-ms="4216" started-at="2020-02-12T16:08:58Z" finished-at="2020-02-12T16:09:03Z">
          <reporter-output>
          </reporter-output>
        </test-method> <!-- deveInformarSemResultados -->
        <test-method status="PASS" signature="setup()[pri:0, instance:br.com.rsinet.hub_tdd_mobile.tests.BuscaLupaTest@1b266842]" name="setup" is-config="true" duration-ms="0" started-at="2020-02-12T16:08:58Z" finished-at="2020-02-12T16:08:58Z">
          <reporter-output>
          </reporter-output>
        </test-method> <!-- setup -->
        <test-method status="PASS" signature="tearDown(org.testng.ITestResult)[pri:0, instance:br.com.rsinet.hub_tdd_mobile.tests.BuscaLupaTest@1b266842]" name="tearDown" is-config="true" duration-ms="3977" started-at="2020-02-12T16:09:03Z" finished-at="2020-02-12T16:09:07Z">
          <params>
            <param index="0">
              <value>
                <![CDATA[[TestResult name=deveInformarSemResultados status=SUCCESS method=BuscaLupaTest.deveInformarSemResultados()[pri:0, instance:br.com.rsinet.hub_tdd_mobile.tests.BuscaLupaTest@1b266842] output={null}]]]>
              </value>
            </param>
          </params>
          <reporter-output>
          </reporter-output>
        </test-method> <!-- tearDown -->
        <test-method status="PASS" signature="finalizaClasse()[pri:0, instance:br.com.rsinet.hub_tdd_mobile.tests.BuscaLupaTest@1b266842]" name="finalizaClasse" is-config="true" duration-ms="2155" started-at="2020-02-12T16:09:07Z" finished-at="2020-02-12T16:09:09Z">
          <reporter-output>
          </reporter-output>
        </test-method> <!-- finalizaClasse -->
      </class> <!-- br.com.rsinet.hub_tdd_mobile.tests.BuscaLupaTest -->
    </test> <!-- Test -->
  </suite> <!-- Testes advantageonlineshopping -->
</testng-results>
